{"C:\\Users\\Brendo\\Documents\\Estudos\\Fé-Organizada\\Back-end\\src\\models\\igrejaModel.js": {"path":"C:\\Users\\Brendo\\Documents\\Estudos\\Fé-Organizada\\Back-end\\src\\models\\igrejaModel.js","statementMap":{"0":{"start":{"line":3,"column":29},"end":{"line":6,"column":5}},"1":{"start":{"line":7,"column":4},"end":{"line":7,"column":35}},"2":{"start":{"line":11,"column":31},"end":{"line":21,"column":5}},"3":{"start":{"line":25,"column":31},"end":{"line":28,"column":5}},"4":{"start":{"line":30,"column":4},"end":{"line":30,"column":37}},"5":{"start":{"line":46,"column":28},"end":{"line":49,"column":5}},"6":{"start":{"line":51,"column":4},"end":{"line":51,"column":36}},"7":{"start":{"line":58,"column":23},"end":{"line":61,"column":5}},"8":{"start":{"line":62,"column":4},"end":{"line":64,"column":5}},"9":{"start":{"line":63,"column":6},"end":{"line":63,"column":28}},"10":{"start":{"line":66,"column":4},"end":{"line":66,"column":16}}},"fnMap":{"0":{"name":"(anonymous_0)","decl":{"start":{"line":2,"column":2},"end":{"line":2,"column":3}},"loc":{"start":{"line":2,"column":53},"end":{"line":8,"column":3}},"line":2},"1":{"name":"(anonymous_1)","decl":{"start":{"line":10,"column":2},"end":{"line":10,"column":3}},"loc":{"start":{"line":10,"column":58},"end":{"line":22,"column":3}},"line":10},"2":{"name":"(anonymous_2)","decl":{"start":{"line":24,"column":2},"end":{"line":24,"column":3}},"loc":{"start":{"line":24,"column":65},"end":{"line":31,"column":3}},"line":24},"3":{"name":"(anonymous_3)","decl":{"start":{"line":45,"column":2},"end":{"line":45,"column":3}},"loc":{"start":{"line":45,"column":41},"end":{"line":52,"column":3}},"line":45},"4":{"name":"(anonymous_4)","decl":{"start":{"line":57,"column":2},"end":{"line":57,"column":3}},"loc":{"start":{"line":57,"column":34},"end":{"line":67,"column":3}},"line":57}},"branchMap":{"0":{"loc":{"start":{"line":62,"column":4},"end":{"line":64,"column":5}},"type":"if","locations":[{"start":{"line":62,"column":4},"end":{"line":64,"column":5}},{"start":{},"end":{}}],"line":62}},"s":{"0":0,"1":0,"2":0,"3":1,"4":1,"5":2,"6":2,"7":2,"8":2,"9":1,"10":1},"f":{"0":0,"1":0,"2":1,"3":2,"4":2},"b":{"0":[1,1]},"_coverageSchema":"1a1c01bbd47fc00a2c39e90264f33305004495a9","hash":"4110ec36277242f04713459736a145b69f626687"}
,"C:\\Users\\Brendo\\Documents\\Estudos\\Fé-Organizada\\Back-end\\src\\models\\masterModel.js": {"path":"C:\\Users\\Brendo\\Documents\\Estudos\\Fé-Organizada\\Back-end\\src\\models\\masterModel.js","statementMap":{"0":{"start":{"line":3,"column":29},"end":{"line":6,"column":5}},"1":{"start":{"line":8,"column":4},"end":{"line":8,"column":35}},"2":{"start":{"line":12,"column":30},"end":{"line":15,"column":5}},"3":{"start":{"line":17,"column":4},"end":{"line":17,"column":38}},"4":{"start":{"line":21,"column":21},"end":{"line":24,"column":5}},"5":{"start":{"line":26,"column":4},"end":{"line":28,"column":5}},"6":{"start":{"line":27,"column":6},"end":{"line":27,"column":23}},"7":{"start":{"line":30,"column":4},"end":{"line":30,"column":17}}},"fnMap":{"0":{"name":"(anonymous_0)","decl":{"start":{"line":2,"column":2},"end":{"line":2,"column":3}},"loc":{"start":{"line":2,"column":67},"end":{"line":9,"column":3}},"line":2},"1":{"name":"(anonymous_1)","decl":{"start":{"line":11,"column":2},"end":{"line":11,"column":3}},"loc":{"start":{"line":11,"column":43},"end":{"line":18,"column":3}},"line":11},"2":{"name":"(anonymous_2)","decl":{"start":{"line":20,"column":2},"end":{"line":20,"column":3}},"loc":{"start":{"line":20,"column":45},"end":{"line":31,"column":3}},"line":20}},"branchMap":{"0":{"loc":{"start":{"line":26,"column":4},"end":{"line":28,"column":5}},"type":"if","locations":[{"start":{"line":26,"column":4},"end":{"line":28,"column":5}},{"start":{},"end":{}}],"line":26}},"s":{"0":1,"1":1,"2":2,"3":2,"4":2,"5":2,"6":1,"7":1},"f":{"0":1,"1":2,"2":2},"b":{"0":[1,1]},"_coverageSchema":"1a1c01bbd47fc00a2c39e90264f33305004495a9","hash":"13c8d0c856b2d784cc089715dec0e10d01dbf470"}
}
