TN:
SF:src\models\admModel.js
FN:2,(anonymous_0)
FN:11,(anonymous_1)
FN:24,(anonymous_2)
FNF:3
FNH:2
FNDA:1,(anonymous_0)
FNDA:2,(anonymous_1)
FNDA:0,(anonymous_2)
DA:3,1
DA:8,1
DA:12,2
DA:17,2
DA:18,1
DA:21,1
DA:25,0
DA:29,0
LF:8
LH:6
BRDA:17,0,0,1
BRDA:17,0,1,1
BRF:2
BRH:2
end_of_record
TN:
SF:src\models\igrejaModel.js
FN:2,(anonymous_0)
FN:10,(anonymous_1)
FN:26,(anonymous_2)
FN:35,(anonymous_3)
FN:44,(anonymous_4)
FNF:5
FNH:5
FNDA:1,(anonymous_0)
FNDA:1,(anonymous_1)
FNDA:1,(anonymous_2)
FNDA:2,(anonymous_3)
FNDA:2,(anonymous_4)
DA:3,1
DA:7,1
DA:11,1
DA:23,1
DA:27,1
DA:32,1
DA:36,2
DA:41,2
DA:45,2
DA:49,2
DA:50,1
DA:53,1
LF:12
LH:12
BRDA:49,0,0,1
BRDA:49,0,1,1
BRF:2
BRH:2
end_of_record
TN:
SF:src\models\masterModel.js
FN:2,(anonymous_0)
FN:11,(anonymous_1)
FN:20,(anonymous_2)
FNF:3
FNH:3
FNDA:1,(anonymous_0)
FNDA:2,(anonymous_1)
FNDA:2,(anonymous_2)
DA:3,1
DA:8,1
DA:12,2
DA:17,2
DA:22,2
DA:27,2
DA:28,1
DA:31,1
LF:8
LH:8
BRDA:27,0,0,1
BRDA:27,0,1,1
BRF:2
BRH:2
end_of_record
TN:
SF:src\models\membrosModel.js
FN:2,(anonymous_0)
FN:14,(anonymous_1)
FN:34,(anonymous_2)
FN:46,(anonymous_3)
FN:73,(anonymous_4)
FNF:5
FNH:5
FNDA:1,(anonymous_0)
FNDA:1,(anonymous_1)
FNDA:1,(anonymous_2)
FNDA:1,(anonymous_3)
FNDA:1,(anonymous_4)
DA:3,1
DA:7,1
DA:15,1
DA:27,1
DA:35,1
DA:40,1
DA:47,1
DA:70,1
DA:74,1
DA:97,1
LF:10
LH:10
BRF:0
BRH:0
end_of_record
