TN:
SF:src\models\admModel.js
FN:2,(anonymous_0)
FN:11,(anonymous_1)
FN:24,(anonymous_2)
FNF:3
FNH:3
FNDA:1,(anonymous_0)
FNDA:2,(anonymous_1)
FNDA:1,(anonymous_2)
DA:3,1
DA:8,1
DA:12,2
DA:17,2
DA:18,1
DA:21,1
DA:25,1
DA:29,1
LF:8
LH:8
BRDA:17,0,0,1
BRDA:17,0,1,1
BRF:2
BRH:2
end_of_record
TN:
SF:src\models\igrejaModel.js
FN:2,(anonymous_0)
FN:10,(anonymous_1)
FN:26,(anonymous_2)
FN:35,(anonymous_3)
FN:54,(anonymous_4)
FNF:5
FNH:5
FNDA:1,(anonymous_0)
FNDA:1,(anonymous_1)
FNDA:1,(anonymous_2)
FNDA:2,(anonymous_3)
FNDA:2,(anonymous_4)
DA:3,1
DA:7,1
DA:11,1
DA:23,1
DA:27,1
DA:32,1
DA:36,2
DA:41,2
DA:55,2
DA:59,2
DA:60,1
DA:63,1
LF:12
LH:12
BRDA:59,0,0,1
BRDA:59,0,1,1
BRF:2
BRH:2
end_of_record
TN:
SF:src\models\masterModel.js
FN:2,(anonymous_0)
FN:11,(anonymous_1)
FN:20,(anonymous_2)
FNF:3
FNH:3
FNDA:1,(anonymous_0)
FNDA:2,(anonymous_1)
FNDA:2,(anonymous_2)
DA:3,1
DA:8,1
DA:12,2
DA:17,2
DA:22,2
DA:27,2
DA:28,1
DA:31,1
LF:8
LH:8
BRDA:27,0,0,1
BRDA:27,0,1,1
BRF:2
BRH:2
end_of_record
TN:
SF:src\models\membrosModel.js
FN:2,(anonymous_0)
FN:10,(anonymous_1)
FN:26,(anonymous_2)
FN:35,(anonymous_3)
FN:65,(anonymous_4)
FN:102,(anonymous_5)
FNF:6
FNH:6
FNDA:1,(anonymous_0)
FNDA:1,(anonymous_1)
FNDA:1,(anonymous_2)
FNDA:1,(anonymous_3)
FNDA:2,(anonymous_4)
FNDA:1,(anonymous_5)
DA:3,1
DA:7,1
DA:11,1
DA:23,1
DA:27,1
DA:32,1
DA:36,1
DA:62,1
DA:66,2
DA:93,2
DA:94,1
DA:97,1
DA:103,1
DA:120,1
LF:14
LH:14
BRDA:93,0,0,1
BRDA:93,0,1,1
BRF:2
BRH:2
end_of_record
TN:
SF:src\models\ministerioModel.js
FN:2,(anonymous_0)
FN:11,(anonymous_1)
FN:19,(anonymous_2)
FN:32,(anonymous_3)
FN:45,(anonymous_4)
FN:54,(anonymous_5)
FN:80,(anonymous_6)
FN:93,(anonymous_7)
FNF:8
FNH:8
FNDA:1,(anonymous_0)
FNDA:1,(anonymous_1)
FNDA:2,(anonymous_2)
FNDA:2,(anonymous_3)
FNDA:2,(anonymous_4)
FNDA:2,(anonymous_5)
FNDA:2,(anonymous_6)
FNDA:1,(anonymous_7)
DA:3,1
DA:8,1
DA:12,1
DA:16,1
DA:20,2
DA:25,2
DA:26,1
DA:29,1
DA:33,2
DA:38,2
DA:39,1
DA:42,1
DA:46,2
DA:51,2
DA:55,2
DA:73,2
DA:74,1
DA:77,1
DA:81,2
DA:86,2
DA:87,1
DA:90,1
DA:94,1
DA:99,1
LF:24
LH:24
BRDA:25,0,0,1
BRDA:25,0,1,1
BRDA:38,1,0,1
BRDA:38,1,1,1
BRDA:73,2,0,1
BRDA:73,2,1,1
BRDA:86,3,0,1
BRDA:86,3,1,1
BRF:8
BRH:8
end_of_record
